2018-06-28 20:48:20[]------get--------
2018-06-28 20:48:20[]------post--------
2018-06-28 20:48:20------raw--------
2018-06-28 20:49:23[]------get--------
2018-06-28 20:49:23{"tradeNo":"2018062821001004290547682744","Money":"1","title":"\u5546\u54c1-a769087777","memo":"zfbjk.com","alipay_account":"ddlk4239@163.com","Sign":"1C724C9E712D6EEA8A4AFB6A1AAE49DF","Gateway":"alipay","Paytime":"2018\/6\/28 20:49:16"}------post--------
2018-06-28 20:49:23tradeNo=2018062821001004290547682744&Money=1&title=商品-a769087777&memo=zfbjk.com&alipay_account=ddlk4239@163.com&Sign=1C724C9E712D6EEA8A4AFB6A1AAE49DF&Gateway=alipay&Paytime=2018%2F6%2F28+20%3A49%3A16------raw--------
2018-06-28 20:49:35[]------get--------
2018-06-28 20:49:35{"tradeNo":"2018062821001004290547682744","Money":"1","title":"\u5546\u54c1-a769087777","memo":"zfbjk.com","alipay_account":"ddlk4239@163.com","Sign":"1C724C9E712D6EEA8A4AFB6A1AAE49DF","Gateway":"alipay","Paytime":"2018\/6\/28 20:49:16"}------post--------
2018-06-28 20:49:35tradeNo=2018062821001004290547682744&Money=1&title=商品-a769087777&memo=zfbjk.com&alipay_account=ddlk4239@163.com&Sign=1C724C9E712D6EEA8A4AFB6A1AAE49DF&Gateway=alipay&Paytime=2018%2F6%2F28+20%3A49%3A16------raw--------
2018-06-28 20:49:47[]------get--------
2018-06-28 20:49:47{"tradeNo":"2018062821001004290547682744","Money":"1","title":"\u5546\u54c1-a769087777","memo":"zfbjk.com","alipay_account":"ddlk4239@163.com","Sign":"1C724C9E712D6EEA8A4AFB6A1AAE49DF","Gateway":"alipay","Paytime":"2018\/6\/28 20:49:16"}------post--------
2018-06-28 20:49:47tradeNo=2018062821001004290547682744&Money=1&title=商品-a769087777&memo=zfbjk.com&alipay_account=ddlk4239@163.com&Sign=1C724C9E712D6EEA8A4AFB6A1AAE49DF&Gateway=alipay&Paytime=2018%2F6%2F28+20%3A49%3A16------raw--------
2018-06-28 20:49:59[]------get--------
2018-06-28 20:49:59{"tradeNo":"2018062821001004290547682744","Money":"1","title":"\u5546\u54c1-a769087777","memo":"zfbjk.com","alipay_account":"ddlk4239@163.com","Sign":"1C724C9E712D6EEA8A4AFB6A1AAE49DF","Gateway":"alipay","Paytime":"2018\/6\/28 20:49:16"}------post--------
2018-06-28 20:49:59tradeNo=2018062821001004290547682744&Money=1&title=商品-a769087777&memo=zfbjk.com&alipay_account=ddlk4239@163.com&Sign=1C724C9E712D6EEA8A4AFB6A1AAE49DF&Gateway=alipay&Paytime=2018%2F6%2F28+20%3A49%3A16------raw--------
2018-06-28 20:50:11[]------get--------
2018-06-28 20:50:11{"tradeNo":"2018062821001004290547682744","Money":"1","title":"\u5546\u54c1-a769087777","memo":"zfbjk.com","alipay_account":"ddlk4239@163.com","Sign":"1C724C9E712D6EEA8A4AFB6A1AAE49DF","Gateway":"alipay","Paytime":"2018\/6\/28 20:49:16"}------post--------
2018-06-28 20:50:11tradeNo=2018062821001004290547682744&Money=1&title=商品-a769087777&memo=zfbjk.com&alipay_account=ddlk4239@163.com&Sign=1C724C9E712D6EEA8A4AFB6A1AAE49DF&Gateway=alipay&Paytime=2018%2F6%2F28+20%3A49%3A16------raw--------
2018-06-28 20:50:23[]------get--------
2018-06-28 20:50:23{"tradeNo":"2018062821001004290547682744","Money":"1","title":"\u5546\u54c1-a769087777","memo":"zfbjk.com","alipay_account":"ddlk4239@163.com","Sign":"1C724C9E712D6EEA8A4AFB6A1AAE49DF","Gateway":"alipay","Paytime":"2018\/6\/28 20:49:16"}------post--------
2018-06-28 20:50:23tradeNo=2018062821001004290547682744&Money=1&title=商品-a769087777&memo=zfbjk.com&alipay_account=ddlk4239@163.com&Sign=1C724C9E712D6EEA8A4AFB6A1AAE49DF&Gateway=alipay&Paytime=2018%2F6%2F28+20%3A49%3A16------raw--------
2018-06-28 20:50:35[]------get--------
2018-06-28 20:50:35{"tradeNo":"2018062821001004290547682744","Money":"1","title":"\u5546\u54c1-a769087777","memo":"zfbjk.com","alipay_account":"ddlk4239@163.com","Sign":"1C724C9E712D6EEA8A4AFB6A1AAE49DF","Gateway":"alipay","Paytime":"2018\/6\/28 20:49:16"}------post--------
2018-06-28 20:50:35tradeNo=2018062821001004290547682744&Money=1&title=商品-a769087777&memo=zfbjk.com&alipay_account=ddlk4239@163.com&Sign=1C724C9E712D6EEA8A4AFB6A1AAE49DF&Gateway=alipay&Paytime=2018%2F6%2F28+20%3A49%3A16------raw--------
2018-06-28 20:50:46[]------get--------
2018-06-28 20:50:46{"tradeNo":"2018062821001004290547682744","Money":"1","title":"\u5546\u54c1-a769087777","memo":"zfbjk.com","alipay_account":"ddlk4239@163.com","Sign":"1C724C9E712D6EEA8A4AFB6A1AAE49DF","Gateway":"alipay","Paytime":"2018\/6\/28 20:49:16"}------post--------
2018-06-28 20:50:46tradeNo=2018062821001004290547682744&Money=1&title=商品-a769087777&memo=zfbjk.com&alipay_account=ddlk4239@163.com&Sign=1C724C9E712D6EEA8A4AFB6A1AAE49DF&Gateway=alipay&Paytime=2018%2F6%2F28+20%3A49%3A16------raw--------
2018-06-28 20:50:58[]------get--------
2018-06-28 20:50:58{"tradeNo":"2018062821001004290547682744","Money":"1","title":"\u5546\u54c1-a769087777","memo":"zfbjk.com","alipay_account":"ddlk4239@163.com","Sign":"1C724C9E712D6EEA8A4AFB6A1AAE49DF","Gateway":"alipay","Paytime":"2018\/6\/28 20:49:16"}------post--------
2018-06-28 20:50:58tradeNo=2018062821001004290547682744&Money=1&title=商品-a769087777&memo=zfbjk.com&alipay_account=ddlk4239@163.com&Sign=1C724C9E712D6EEA8A4AFB6A1AAE49DF&Gateway=alipay&Paytime=2018%2F6%2F28+20%3A49%3A16------raw--------
2018-06-28 20:51:09[]------get--------
2018-06-28 20:51:09{"tradeNo":"2018062821001004290547682744","Money":"1","title":"\u5546\u54c1-a769087777","memo":"zfbjk.com","alipay_account":"ddlk4239@163.com","Sign":"1C724C9E712D6EEA8A4AFB6A1AAE49DF","Gateway":"alipay","Paytime":"2018\/6\/28 20:49:16"}------post--------
2018-06-28 20:51:09tradeNo=2018062821001004290547682744&Money=1&title=商品-a769087777&memo=zfbjk.com&alipay_account=ddlk4239@163.com&Sign=1C724C9E712D6EEA8A4AFB6A1AAE49DF&Gateway=alipay&Paytime=2018%2F6%2F28+20%3A49%3A16------raw--------
